2014/04/16 23:38:05 [error] [exception.CHttpException.404] exception 'CHttpException' with message 'The system is unable to find the requested action "prueba".' in C:\xampp\htdocs\yii\framework\web\CController.php:483
Stack trace:
#0 C:\xampp\htdocs\yii\framework\web\CController.php(270): CController->missingAction('prueba')
#1 C:\xampp\htdocs\yii\framework\web\CWebApplication.php(282): CController->run('prueba')
#2 C:\xampp\htdocs\yii\framework\web\CWebApplication.php(141): CWebApplication->runController('site/prueba')
#3 C:\xampp\htdocs\yii\framework\base\CApplication.php(180): CWebApplication->processRequest()
#4 C:\xampp\htdocs\yii\proyecto\index.php(13): CApplication->run()
#5 {main}
REQUEST_URI=/yii/proyecto/index.php?r=site/prueba
---
2014/04/19 21:09:39 [error] [exception.CException] exception 'CException' with message 'Alias "gii.GiiModule" is invalid. Make sure it points to an existing PHP file and the file is readable.' in C:\xampp\htdocs\yii\framework\YiiBase.php:322
Stack trace:
#0 C:\xampp\htdocs\yii\framework\YiiBase.php(196): YiiBase::import('gii.GiiModule', true)
#1 C:\xampp\htdocs\yii\framework\base\CModule.php(282): YiiBase::createComponent('gii.GiiModule', 'gii', NULL, Array)
#2 C:\xampp\htdocs\yii\framework\web\CWebApplication.php(337): CModule->getModule('gii')
#3 C:\xampp\htdocs\yii\framework\web\CWebApplication.php(276): CWebApplication->createController('gii')
#4 C:\xampp\htdocs\yii\framework\web\CWebApplication.php(141): CWebApplication->runController('gii')
#5 C:\xampp\htdocs\yii\framework\base\CApplication.php(180): CWebApplication->processRequest()
#6 C:\xampp\htdocs\yii\proyecto\index.php(13): CApplication->run()
#7 {main}
REQUEST_URI=/yii/proyecto/index.php?r=gii
---
2014/04/19 21:38:58 [error] [exception.CHttpException.404] exception 'CHttpException' with message 'The system is unable to find the requested action "u".' in C:\xampp\htdocs\yii\framework\web\CController.php:483
Stack trace:
#0 C:\xampp\htdocs\yii\framework\web\CController.php(270): CController->missingAction('u')
#1 C:\xampp\htdocs\yii\framework\web\CWebApplication.php(282): CController->run('u')
#2 C:\xampp\htdocs\yii\framework\web\CWebApplication.php(141): CWebApplication->runController('site/u')
#3 C:\xampp\htdocs\yii\framework\base\CApplication.php(180): CWebApplication->processRequest()
#4 C:\xampp\htdocs\yii\proyecto\index.php(13): CApplication->run()
#5 {main}
REQUEST_URI=/yii/proyecto/index.php?r=site/u
---
2014/04/19 21:39:06 [error] [exception.CHttpException.404] exception 'CHttpException' with message 'The system is unable to find the requested action "user".' in C:\xampp\htdocs\yii\framework\web\CController.php:483
Stack trace:
#0 C:\xampp\htdocs\yii\framework\web\CController.php(270): CController->missingAction('user')
#1 C:\xampp\htdocs\yii\framework\web\CWebApplication.php(282): CController->run('user')
#2 C:\xampp\htdocs\yii\framework\web\CWebApplication.php(141): CWebApplication->runController('site/user')
#3 C:\xampp\htdocs\yii\framework\base\CApplication.php(180): CWebApplication->processRequest()
#4 C:\xampp\htdocs\yii\proyecto\index.php(13): CApplication->run()
#5 {main}
REQUEST_URI=/yii/proyecto/index.php?r=site/user
---
2014/04/19 21:39:10 [error] [exception.CHttpException.404] exception 'CHttpException' with message 'The system is unable to find the requested action "User".' in C:\xampp\htdocs\yii\framework\web\CController.php:483
Stack trace:
#0 C:\xampp\htdocs\yii\framework\web\CController.php(270): CController->missingAction('User')
#1 C:\xampp\htdocs\yii\framework\web\CWebApplication.php(282): CController->run('User')
#2 C:\xampp\htdocs\yii\framework\web\CWebApplication.php(141): CWebApplication->runController('site/User')
#3 C:\xampp\htdocs\yii\framework\base\CApplication.php(180): CWebApplication->processRequest()
#4 C:\xampp\htdocs\yii\proyecto\index.php(13): CApplication->run()
#5 {main}
REQUEST_URI=/yii/proyecto/index.php?r=site/User
---
2014/04/19 21:39:14 [error] [exception.CHttpException.404] exception 'CHttpException' with message 'The system is unable to find the requested action "user".' in C:\xampp\htdocs\yii\framework\web\CController.php:483
Stack trace:
#0 C:\xampp\htdocs\yii\framework\web\CController.php(270): CController->missingAction('user')
#1 C:\xampp\htdocs\yii\framework\web\CWebApplication.php(282): CController->run('user')
#2 C:\xampp\htdocs\yii\framework\web\CWebApplication.php(141): CWebApplication->runController('site/user')
#3 C:\xampp\htdocs\yii\framework\base\CApplication.php(180): CWebApplication->processRequest()
#4 C:\xampp\htdocs\yii\proyecto\index.php(13): CApplication->run()
#5 {main}
REQUEST_URI=/yii/proyecto/index.php?r=site/user
---
2014/04/19 21:49:09 [error] [exception.CHttpException.404] exception 'CHttpException' with message 'The system is unable to find the requested action "u".' in C:\xampp\htdocs\yii\framework\web\CController.php:483
Stack trace:
#0 C:\xampp\htdocs\yii\framework\web\CController.php(270): CController->missingAction('u')
#1 C:\xampp\htdocs\yii\framework\web\CWebApplication.php(282): CController->run('u')
#2 C:\xampp\htdocs\yii\framework\web\CWebApplication.php(141): CWebApplication->runController('site/u')
#3 C:\xampp\htdocs\yii\framework\base\CApplication.php(180): CWebApplication->processRequest()
#4 C:\xampp\htdocs\yii\proyecto\index.php(13): CApplication->run()
#5 {main}
REQUEST_URI=/yii/proyecto/index.php?r=site/u
---
2014/04/19 21:49:17 [error] [exception.CHttpException.404] exception 'CHttpException' with message 'The system is unable to find the requested action "admin".' in C:\xampp\htdocs\yii\framework\web\CController.php:483
Stack trace:
#0 C:\xampp\htdocs\yii\framework\web\CController.php(270): CController->missingAction('admin')
#1 C:\xampp\htdocs\yii\framework\web\CWebApplication.php(282): CController->run('admin')
#2 C:\xampp\htdocs\yii\framework\web\CWebApplication.php(141): CWebApplication->runController('site/admin')
#3 C:\xampp\htdocs\yii\framework\base\CApplication.php(180): CWebApplication->processRequest()
#4 C:\xampp\htdocs\yii\proyecto\index.php(13): CApplication->run()
#5 {main}
REQUEST_URI=/yii/proyecto/index.php?r=site/admin
---
2014/04/19 22:00:03 [error] [exception.CHttpException.404] exception 'CHttpException' with message 'The system is unable to find the requested action "administrator".' in C:\xampp\htdocs\yii\framework\web\CController.php:483
Stack trace:
#0 C:\xampp\htdocs\yii\framework\web\CController.php(270): CController->missingAction('administrator')
#1 C:\xampp\htdocs\yii\framework\web\CWebApplication.php(282): CController->run('administrator')
#2 C:\xampp\htdocs\yii\framework\web\CWebApplication.php(141): CWebApplication->runController('site/administra...')
#3 C:\xampp\htdocs\yii\framework\base\CApplication.php(180): CWebApplication->processRequest()
#4 C:\xampp\htdocs\yii\proyecto\index.php(13): CApplication->run()
#5 {main}
REQUEST_URI=/yii/proyecto/index.php?r=site/administrator
---
2014/04/19 22:01:59 [error] [exception.CHttpException.404] exception 'CHttpException' with message 'Unable to resolve the request "default/index".' in C:\xampp\htdocs\yii\framework\web\CWebApplication.php:286
Stack trace:
#0 C:\xampp\htdocs\yii\framework\web\CWebApplication.php(141): CWebApplication->runController('default/index')
#1 C:\xampp\htdocs\yii\framework\base\CApplication.php(180): CWebApplication->processRequest()
#2 C:\xampp\htdocs\yii\proyecto\index.php(13): CApplication->run()
#3 {main}
REQUEST_URI=/yii/proyecto/index.php?r=default/index
---
2014/04/19 22:03:44 [error] [exception.CHttpException.404] exception 'CHttpException' with message 'Unable to resolve the request "default/index".' in C:\xampp\htdocs\yii\framework\web\CWebApplication.php:286
Stack trace:
#0 C:\xampp\htdocs\yii\framework\web\CWebApplication.php(141): CWebApplication->runController('default/index')
#1 C:\xampp\htdocs\yii\framework\base\CApplication.php(180): CWebApplication->processRequest()
#2 C:\xampp\htdocs\yii\proyecto\index.php(13): CApplication->run()
#3 {main}
REQUEST_URI=/yii/proyecto/index.php?r=default/index
---
2014/04/20 05:52:19 [error] [exception.CHttpException.404] exception 'CHttpException' with message 'The system is unable to find the requested action "gii".' in C:\xampp\htdocs\yii\framework\web\CController.php:483
Stack trace:
#0 C:\xampp\htdocs\yii\framework\web\CController.php(270): CController->missingAction('gii')
#1 C:\xampp\htdocs\yii\framework\web\CWebApplication.php(282): CController->run('gii')
#2 C:\xampp\htdocs\yii\framework\web\CWebApplication.php(141): CWebApplication->runController('u/gii')
#3 C:\xampp\htdocs\yii\framework\base\CApplication.php(180): CWebApplication->processRequest()
#4 C:\xampp\htdocs\yii\proyecto\index.php(13): CApplication->run()
#5 {main}
REQUEST_URI=/yii/proyecto/index.php?r=u/gii
---
2014/04/20 05:56:24 [error] [exception.CException] exception 'CException' with message 'The column must be specified in the format of "Name:Type:Label", where "Type" and "Label" are optional.' in C:\xampp\htdocs\yii\framework\zii\widgets\grid\CGridView.php:412
Stack trace:
#0 C:\xampp\htdocs\yii\framework\zii\widgets\grid\CGridView.php(383): CGridView->createDataColumn('Rut Alumno')
#1 C:\xampp\htdocs\yii\framework\zii\widgets\grid\CGridView.php(359): CGridView->initColumns()
#2 C:\xampp\htdocs\yii\framework\web\CBaseController.php(147): CGridView->init()
#3 C:\xampp\htdocs\yii\framework\web\CBaseController.php(172): CBaseController->createWidget('zii.widgets.gri...', Array)
#4 C:\xampp\htdocs\yii\proyecto\protected\views\alum\admin.php(57): CBaseController->widget('zii.widgets.gri...', Array)
#5 C:\xampp\htdocs\yii\framework\web\CBaseController.php(126): require('C:\xampp\htdocs...')
#6 C:\xampp\htdocs\yii\framework\web\CBaseController.php(95): CBaseController->renderInternal('C:\xampp\htdocs...', Array, true)
#7 C:\xampp\htdocs\yii\framework\web\CController.php(869): CBaseController->renderFile('C:\xampp\htdocs...', Array, true)
#8 C:\xampp\htdocs\yii\framework\web\CController.php(782): CController->renderPartial('admin', Array, true)
#9 C:\xampp\htdocs\yii\proyecto\protected\controllers\AlumController.php(143): CController->render('admin', Array)
#10 C:\xampp\htdocs\yii\framework\web\actions\CInlineAction.php(49): AlumController->actionAdmin()
#11 C:\xampp\htdocs\yii\framework\web\CController.php(308): CInlineAction->runWithParams(Array)
#12 C:\xampp\htdocs\yii\framework\web\filters\CFilterChain.php(133): CController->runAction(Object(CInlineAction))
#13 C:\xampp\htdocs\yii\framework\web\filters\CFilter.php(40): CFilterChain->run()
#14 C:\xampp\htdocs\yii\framework\web\CController.php(1145): CFilter->filter(Object(CFilterChain))
#15 C:\xampp\htdocs\yii\framework\web\filters\CInlineFilter.php(58): CController->filterAccessControl(Object(CFilterChain))
#16 C:\xampp\htdocs\yii\framework\web\filters\CFilterChain.php(130): CInlineFilter->filter(Object(CFilterChain))
#17 C:\xampp\htdocs\yii\framework\web\CController.php(291): CFilterChain->run()
#18 C:\xampp\htdocs\yii\framework\web\CController.php(265): CController->runActionWithFilters(Object(CInlineAction), Array)
#19 C:\xampp\htdocs\yii\framework\web\CWebApplication.php(282): CController->run('admin')
#20 C:\xampp\htdocs\yii\framework\web\CWebApplication.php(141): CWebApplication->runController('alum/admin')
#21 C:\xampp\htdocs\yii\framework\base\CApplication.php(180): CWebApplication->processRequest()
#22 C:\xampp\htdocs\yii\proyecto\index.php(13): CApplication->run()
#23 {main}
REQUEST_URI=/yii/proyecto/index.php?r=alum/admin
---
